<?xml version="1.0" encoding="UTF-8"?>
<!-- Generated by org.testng.reporters.JUnitReportReporter -->
<testsuite hostname="5CG0168KFY" failures="0" tests="3" name="testCases.TC_003_Truetime" time="27.962" errors="0" timestamp="2024-01-22T10:36:56 IST" skipped="0">
  <testcase classname="testCases.TC_003_Truetime" name="verifyDetails" time="3.226"/>
  <testcase classname="testCases.TC_003_Truetime" name="verify_Truetime" time="0.900"/>
  <testcase classname="testCases.TC_003_Truetime" name="verify_Truetimee" time="23.836"/>
</testsuite> <!-- testCases.TC_003_Truetime -->
