<?xml version="1.0" encoding="UTF-8"?>
<!-- Generated by org.testng.reporters.JUnitReportReporter -->
<testsuite hostname="5CG0168KFY" failures="0" tests="3" name="testCases.TC_002_Truetime" time="28.226" errors="0" timestamp="2024-01-17T12:10:40 IST" skipped="0">
  <testcase classname="testCases.TC_002_Truetime" name="verifyDetails" time="2.482"/>
  <testcase classname="testCases.TC_002_Truetime" name="verify_Truetime" time="2.120"/>
  <testcase classname="testCases.TC_002_Truetime" name="verify_Truetimee" time="23.624"/>
</testsuite> <!-- testCases.TC_002_Truetime -->
