<?xml version="1.0" encoding="UTF-8"?>
<!-- Generated by org.testng.reporters.JUnitReportReporter -->
<testsuite hostname="5CG0168KFY" failures="0" tests="1" name="testCases.TC_001_Truetime" time="32.308" errors="0" timestamp="2024-01-16T12:38:09 IST" skipped="0">
  <testcase classname="testCases.TC_001_Truetime" name="verify_Truetime" time="32.308"/>
</testsuite> <!-- testCases.TC_001_Truetime -->
