<?xml version="1.0" encoding="UTF-8"?>
<!-- Generated by org.testng.reporters.JUnitReportReporter -->
<testsuite hostname="5CG0168KFY" failures="0" tests="4" name="testCases.TC_004_Login" time="95.412" errors="0" timestamp="2024-02-02T11:50:50 IST" skipped="0">
  <testcase classname="testCases.TC_004_Login" name="searchUpcommingBikes" time="7.281"/>
  <testcase classname="testCases.TC_004_Login" name="search_Honda" time="40.895"/>
  <testcase classname="testCases.TC_004_Login" name="usedCars" time="41.201"/>
  <testcase classname="testCases.TC_004_Login" name="login" time="6.035"/>
</testsuite> <!-- testCases.TC_004_Login -->
