<?xml version="1.0" encoding="UTF-8"?>
<!-- Generated by org.testng.reporters.JUnitReportReporter -->
<testsuite hostname="5CG0168KFY" failures="0" tests="2" name="testCases.TC_002_Search_Honda" time="68.923" errors="0" timestamp="2024-01-26T17:07:05 IST" skipped="0">
  <testcase classname="testCases.TC_002_Search_Honda" name="searchUpcommingBikes" time="11.522"/>
  <testcase classname="testCases.TC_002_Search_Honda" name="search_Honda" time="57.401"/>
</testsuite> <!-- testCases.TC_002_Search_Honda -->
