<?xml version="1.0" encoding="UTF-8"?>
<!-- Generated by org.testng.reporters.JUnitReportReporter -->
<testsuite hostname="5CG0168KFY" failures="0" tests="3" name="testCases.TC_003_UsedCars" time="37.076" errors="0" timestamp="2024-01-26T17:45:39 IST" skipped="0">
  <testcase classname="testCases.TC_003_UsedCars" name="searchUpcommingBikes" time="1.212"/>
  <testcase classname="testCases.TC_003_UsedCars" name="search_Honda" time="17.105"/>
  <testcase classname="testCases.TC_003_UsedCars" name="usedCars" time="18.759"/>
</testsuite> <!-- testCases.TC_003_UsedCars -->
